<?xml version="1.0" encoding="UTF-8"?>
<!-- Generated by org.testng.reporters.JUnitReportReporter -->
<testsuite hostname="IND-TJaiswal" name="com.Medinfi.commons.tests.DropDownDataSetTest" tests="1" failures="0" timestamp="1 Aug 2017 07:41:03 GMT" time="16.440" errors="0">
  <testcase name="verifyDropDownDataSetOutput" time="16.440" classname="com.Medinfi.commons.tests.DropDownDataSetTest"/>
</testsuite> <!-- com.Medinfi.commons.tests.DropDownDataSetTest -->
