<?xml version="1.0" encoding="UTF-8"?>
<!-- Generated by org.testng.reporters.JUnitReportReporter -->
<testsuite hostname="tjaiswal-VAIO" name="MedinfiAutomation.MedinfiAutomation.Test" tests="1" failures="0" timestamp="31 Jul 2017 13:22:47 GMT" time="16.753" errors="0">
  <testcase name="setup" time="16.753" classname="MedinfiAutomation.MedinfiAutomation.Test"/>
</testsuite> <!-- MedinfiAutomation.MedinfiAutomation.Test -->
